<?xml version="1.0" encoding="UTF-8" ?>
<testsuite failures="0" time="2.687" errors="0" skipped="0" tests="1" name="ar.edu.unq.tpi.commons.configuration.TestGetConfiguration">
  <properties>
    <property name="java.runtime.name" value="Java(TM) SE Runtime Environment"/>
    <property name="sun.boot.library.path" value="C:\Archivos de programa\Java\jdk1.6.0_24\jre\bin"/>
    <property name="java.vm.version" value="19.1-b02"/>
    <property name="java.vm.vendor" value="Sun Microsystems Inc."/>
    <property name="java.vendor.url" value="http://java.sun.com/"/>
    <property name="path.separator" value=";"/>
    <property name="java.vm.name" value="Java HotSpot(TM) Client VM"/>
    <property name="file.encoding.pkg" value="sun.io"/>
    <property name="user.country" value="AR"/>
    <property name="sun.java.launcher" value="SUN_STANDARD"/>
    <property name="sun.os.patch.level" value="Service Pack 3"/>
    <property name="java.vm.specification.name" value="Java Virtual Machine Specification"/>
    <property name="user.dir" value="E:\fwk\commons.configuration"/>
    <property name="java.runtime.version" value="1.6.0_24-b07"/>
    <property name="java.awt.graphicsenv" value="sun.awt.Win32GraphicsEnvironment"/>
    <property name="basedir" value="E:\fwk\commons.configuration"/>
    <property name="java.endorsed.dirs" value="C:\Archivos de programa\Java\jdk1.6.0_24\jre\lib\endorsed"/>
    <property name="os.arch" value="x86"/>
    <property name="surefire.real.class.path" value="E:\fwk\commons.configuration\target\surefire\surefirebooter6882717757903739929.jar"/>
    <property name="java.io.tmpdir" value="C:\DOCUME~1\Mindset\CONFIG~1\Temp\"/>
    <property name="line.separator" value="
"/>
    <property name="java.vm.specification.vendor" value="Sun Microsystems Inc."/>
    <property name="user.variant" value=""/>
    <property name="os.name" value="Windows XP"/>
    <property name="sun.jnu.encoding" value="Cp1252"/>
    <property name="java.library.path" value="C:\Archivos de programa\Java\jdk1.6.0_24\jre\bin;.;C:\WINDOWS\Sun\Java\bin;C:\WINDOWS\system32;C:\WINDOWS;C:\Archivos de programa\CollabNet Subversion Client;C:\WINDOWS\system32;C:\WINDOWS;C:\WINDOWS\System32\Wbem;C:\Archivos de programa\Java\jdk1.6.0_24\bin;C:\Archivos de programa\TortoiseSVN\bin;C:\Archivos de programa\Apache Software Foundation\apache-maven-3.0.2\bin"/>
    <property name="surefire.test.class.path" value="E:\fwk\commons.configuration\target\test-classes;E:\fwk\commons.configuration\target\classes;C:\Documents and Settings\Mindset\.m2\repository\ar\edu\unq\tpi\util.commons\0.0.1-SNAPSHOT\util.commons-0.0.1-SNAPSHOT.jar;C:\Documents and Settings\Mindset\.m2\repository\org\slf4j\slf4j-log4j12\1.5.2\slf4j-log4j12-1.5.2.jar;C:\Documents and Settings\Mindset\.m2\repository\org\slf4j\slf4j-api\1.5.2\slf4j-api-1.5.2.jar;C:\Documents and Settings\Mindset\.m2\repository\log4j\log4j\1.2.14\log4j-1.2.14.jar;C:\Documents and Settings\Mindset\.m2\repository\net\sourceforge\collections\collections-generic\4.01\collections-generic-4.01.jar;C:\Documents and Settings\Mindset\.m2\repository\commons-logging\commons-logging\1.1.1\commons-logging-1.1.1.jar;C:\Documents and Settings\Mindset\.m2\repository\commons-lang\commons-lang\2.4\commons-lang-2.4.jar;C:\Documents and Settings\Mindset\.m2\repository\org\apache\log4j\1.2.15\log4j-1.2.15.jar;C:\Documents and Settings\Mindset\.m2\repository\jasperreports\jasperreports\3.5.1\jasperreports-3.5.1.jar;C:\Documents and Settings\Mindset\.m2\repository\commons-beanutils\commons-beanutils\1.7.0\commons-beanutils-1.7.0.jar;C:\Documents and Settings\Mindset\.m2\repository\commons-collections\commons-collections\2.1\commons-collections-2.1.jar;C:\Documents and Settings\Mindset\.m2\repository\commons-digester\commons-digester\1.7\commons-digester-1.7.jar;C:\Documents and Settings\Mindset\.m2\repository\com\lowagie\itext\2.1.0\itext-2.1.0.jar;C:\Documents and Settings\Mindset\.m2\repository\bouncycastle\bcmail-jdk14\136\bcmail-jdk14-136.jar;C:\Documents and Settings\Mindset\.m2\repository\bouncycastle\bcprov-jdk14\136\bcprov-jdk14-136.jar;C:\Documents and Settings\Mindset\.m2\repository\jfree\jcommon\1.0.15\jcommon-1.0.15.jar;C:\Documents and Settings\Mindset\.m2\repository\jfree\jfreechart\1.0.12\jfreechart-1.0.12.jar;C:\Documents and Settings\Mindset\.m2\repository\xml-apis\xml-apis\1.3.02\xml-apis-1.3.02.jar;C:\Documents and Settings\Mindset\.m2\repository\eclipse\jdtcore\3.1.0\jdtcore-3.1.0.jar;C:\Documents and Settings\Mindset\.m2\repository\org\safehaus\jug\jug\2.0.0\jug-2.0.0-asl.jar;C:\Documents and Settings\Mindset\.m2\repository\commons-io\commons-io\1.4\commons-io-1.4.jar;C:\Documents and Settings\Mindset\.m2\repository\junit\junit\4.5\junit-4.5.jar;C:\Documents and Settings\Mindset\.m2\repository\cglib\cglib\2.1_3\cglib-2.1_3.jar;C:\Documents and Settings\Mindset\.m2\repository\asm\asm\1.5.3\asm-1.5.3.jar;C:\Documents and Settings\Mindset\.m2\repository\au\com\bytecode\opencsv\1.8\opencsv-1.8.jar;C:\Documents and Settings\Mindset\.m2\repository\jfig\jfig\1.5.2\jfig-1.5.2.jar;"/>
    <property name=":;" value=";"/>
    <property name="java.specification.name" value="Java Platform API Specification"/>
    <property name="java.class.version" value="50.0"/>
    <property name="sun.management.compiler" value="HotSpot Client Compiler"/>
    <property name="os.version" value="5.1"/>
    <property name="user.home" value="C:\Documents and Settings\Mindset"/>
    <property name="user.timezone" value="America/Buenos_Aires"/>
    <property name="java.awt.printerjob" value="sun.awt.windows.WPrinterJob"/>
    <property name="java.specification.version" value="1.6"/>
    <property name="file.encoding" value="Cp1252"/>
    <property name="user.name" value="Mindset"/>
    <property name="java.class.path" value="E:\fwk\commons.configuration\target\test-classes;E:\fwk\commons.configuration\target\classes;C:\Documents and Settings\Mindset\.m2\repository\ar\edu\unq\tpi\util.commons\0.0.1-SNAPSHOT\util.commons-0.0.1-SNAPSHOT.jar;C:\Documents and Settings\Mindset\.m2\repository\org\slf4j\slf4j-log4j12\1.5.2\slf4j-log4j12-1.5.2.jar;C:\Documents and Settings\Mindset\.m2\repository\org\slf4j\slf4j-api\1.5.2\slf4j-api-1.5.2.jar;C:\Documents and Settings\Mindset\.m2\repository\log4j\log4j\1.2.14\log4j-1.2.14.jar;C:\Documents and Settings\Mindset\.m2\repository\net\sourceforge\collections\collections-generic\4.01\collections-generic-4.01.jar;C:\Documents and Settings\Mindset\.m2\repository\commons-logging\commons-logging\1.1.1\commons-logging-1.1.1.jar;C:\Documents and Settings\Mindset\.m2\repository\commons-lang\commons-lang\2.4\commons-lang-2.4.jar;C:\Documents and Settings\Mindset\.m2\repository\org\apache\log4j\1.2.15\log4j-1.2.15.jar;C:\Documents and Settings\Mindset\.m2\repository\jasperreports\jasperreports\3.5.1\jasperreports-3.5.1.jar;C:\Documents and Settings\Mindset\.m2\repository\commons-beanutils\commons-beanutils\1.7.0\commons-beanutils-1.7.0.jar;C:\Documents and Settings\Mindset\.m2\repository\commons-collections\commons-collections\2.1\commons-collections-2.1.jar;C:\Documents and Settings\Mindset\.m2\repository\commons-digester\commons-digester\1.7\commons-digester-1.7.jar;C:\Documents and Settings\Mindset\.m2\repository\com\lowagie\itext\2.1.0\itext-2.1.0.jar;C:\Documents and Settings\Mindset\.m2\repository\bouncycastle\bcmail-jdk14\136\bcmail-jdk14-136.jar;C:\Documents and Settings\Mindset\.m2\repository\bouncycastle\bcprov-jdk14\136\bcprov-jdk14-136.jar;C:\Documents and Settings\Mindset\.m2\repository\jfree\jcommon\1.0.15\jcommon-1.0.15.jar;C:\Documents and Settings\Mindset\.m2\repository\jfree\jfreechart\1.0.12\jfreechart-1.0.12.jar;C:\Documents and Settings\Mindset\.m2\repository\xml-apis\xml-apis\1.3.02\xml-apis-1.3.02.jar;C:\Documents and Settings\Mindset\.m2\repository\eclipse\jdtcore\3.1.0\jdtcore-3.1.0.jar;C:\Documents and Settings\Mindset\.m2\repository\org\safehaus\jug\jug\2.0.0\jug-2.0.0-asl.jar;C:\Documents and Settings\Mindset\.m2\repository\commons-io\commons-io\1.4\commons-io-1.4.jar;C:\Documents and Settings\Mindset\.m2\repository\junit\junit\4.5\junit-4.5.jar;C:\Documents and Settings\Mindset\.m2\repository\cglib\cglib\2.1_3\cglib-2.1_3.jar;C:\Documents and Settings\Mindset\.m2\repository\asm\asm\1.5.3\asm-1.5.3.jar;C:\Documents and Settings\Mindset\.m2\repository\au\com\bytecode\opencsv\1.8\opencsv-1.8.jar;C:\Documents and Settings\Mindset\.m2\repository\jfig\jfig\1.5.2\jfig-1.5.2.jar;"/>
    <property name="java.vm.specification.version" value="1.0"/>
    <property name="sun.arch.data.model" value="32"/>
    <property name="java.home" value="C:\Archivos de programa\Java\jdk1.6.0_24\jre"/>
    <property name="java.specification.vendor" value="Sun Microsystems Inc."/>
    <property name="user.language" value="es"/>
    <property name="awt.toolkit" value="sun.awt.windows.WToolkit"/>
    <property name="java.vm.info" value="mixed mode, sharing"/>
    <property name="java.version" value="1.6.0_24"/>
    <property name="java.ext.dirs" value="C:\Archivos de programa\Java\jdk1.6.0_24\jre\lib\ext;C:\WINDOWS\Sun\Java\lib\ext"/>
    <property name="sun.boot.class.path" value="C:\Archivos de programa\Java\jdk1.6.0_24\jre\lib\resources.jar;C:\Archivos de programa\Java\jdk1.6.0_24\jre\lib\rt.jar;C:\Archivos de programa\Java\jdk1.6.0_24\jre\lib\sunrsasign.jar;C:\Archivos de programa\Java\jdk1.6.0_24\jre\lib\jsse.jar;C:\Archivos de programa\Java\jdk1.6.0_24\jre\lib\jce.jar;C:\Archivos de programa\Java\jdk1.6.0_24\jre\lib\charsets.jar;C:\Archivos de programa\Java\jdk1.6.0_24\jre\lib\modules\jdk.boot.jar;C:\Archivos de programa\Java\jdk1.6.0_24\jre\classes"/>
    <property name="java.vendor" value="Sun Microsystems Inc."/>
    <property name="localRepository" value="C:\Documents and Settings\Mindset\.m2\repository"/>
    <property name="file.separator" value="\"/>
    <property name="java.vendor.url.bug" value="http://java.sun.com/cgi-bin/bugreport.cgi"/>
    <property name="sun.cpu.endian" value="little"/>
    <property name="sun.io.unicode.encoding" value="UnicodeLittle"/>
    <property name="sun.desktop" value="windows"/>
    <property name="sun.cpu.isalist" value="pentium_pro+mmx pentium_pro pentium+mmx pentium i486 i386 i86"/>
  </properties>
  <testcase time="2.578" classname="ar.edu.unq.tpi.commons.configuration.TestGetConfiguration" name="testGetConfig"/>
</testsuite>